{
  "stats": {
    "suites": 4,
    "tests": 4,
    "passes": 4,
    "pending": 0,
    "failures": 0,
    "start": "2023-03-11T12:47:32.609Z",
    "end": "2023-03-11T12:47:34.235Z",
    "duration": 1626,
    "testsRegistered": 4,
    "passPercent": 100,
    "pendingPercent": 0,
    "other": 0,
    "hasOther": false,
    "skipped": 0,
    "hasSkipped": false
  },
  "results": [
    {
      "uuid": "49cd9d45-e566-4686-8618-0583e46a8bb9",
      "title": "",
      "fullFile": "",
      "file": "",
      "beforeHooks": [],
      "afterHooks": [],
      "tests": [],
      "suites": [
        {
          "uuid": "0ba1f58a-086a-4442-86ed-1f1ccb850ab9",
          "title": "Positif Case Delete",
          "fullFile": "/Users/naufalazhar/Documents/NAUFAL_AZHAR/mocha_reqres/test/TestDelete.js",
          "file": "/test/TestDelete.js",
          "beforeHooks": [],
          "afterHooks": [],
          "tests": [
            {
              "title": "Test Register",
              "fullTitle": "Positif Case Delete Test Register",
              "timedOut": false,
              "duration": 506,
              "state": "passed",
              "speed": "slow",
              "pass": true,
              "fail": false,
              "pending": false,
              "context": null,
              "code": "const response = await page.testDelete()\n.send({\n    name: \"morpheus\",\n    job: \"leader\"\n    })\n    var Delete = response.body;\nexpect(response.status).to.equal(204);\nconsole.log(Delete);",
              "err": {},
              "uuid": "17c5e1ec-ad1e-4a30-928c-e1c03b59a2df",
              "parentUUID": "0ba1f58a-086a-4442-86ed-1f1ccb850ab9",
              "isHook": false,
              "skipped": false
            }
          ],
          "suites": [],
          "passes": [
            "17c5e1ec-ad1e-4a30-928c-e1c03b59a2df"
          ],
          "failures": [],
          "pending": [],
          "skipped": [],
          "duration": 506,
          "root": false,
          "rootEmpty": false,
          "_timeout": 20000
        },
        {
          "uuid": "e0ffcb79-33cf-421b-a107-d055d2063387",
          "title": "Positif Case Get",
          "fullFile": "/Users/naufalazhar/Documents/NAUFAL_AZHAR/mocha_reqres/test/TestGet.js",
          "file": "/test/TestGet.js",
          "beforeHooks": [],
          "afterHooks": [],
          "tests": [
            {
              "title": "Test Get",
              "fullTitle": "Positif Case Get Test Get",
              "timedOut": false,
              "duration": 75,
              "state": "passed",
              "speed": "medium",
              "pass": true,
              "fail": false,
              "pending": false,
              "context": null,
              "code": "const response = await page.testGet()\n    \n    var Get = response.body;\nexpect(response.status).to.equal(200);\nexpect(response.body).to.be.an('object');\nexpect(response.body.data).to.have.property('id', 2);\nexpect(response.body.data).to.have.property('email', 'janet.weaver@reqres.in');\n// expect(response.body.data).to.have.property('name', 'morpheus');\n// expect(response.body.data).to.have.property('job', 'leader');\nconsole.log(Get);",
              "err": {},
              "uuid": "40be565c-6008-44ff-a1bd-1ad76425adec",
              "parentUUID": "e0ffcb79-33cf-421b-a107-d055d2063387",
              "isHook": false,
              "skipped": false
            }
          ],
          "suites": [],
          "passes": [
            "40be565c-6008-44ff-a1bd-1ad76425adec"
          ],
          "failures": [],
          "pending": [],
          "skipped": [],
          "duration": 75,
          "root": false,
          "rootEmpty": false,
          "_timeout": 20000
        },
        {
          "uuid": "635d987d-e48f-4fc1-8ae6-d89d5b2636a8",
          "title": "Positif Case Register",
          "fullFile": "/Users/naufalazhar/Documents/NAUFAL_AZHAR/mocha_reqres/test/TestLogin.js",
          "file": "/test/TestLogin.js",
          "beforeHooks": [],
          "afterHooks": [],
          "tests": [
            {
              "title": "Test Login",
              "fullTitle": "Positif Case Register Test Login",
              "timedOut": false,
              "duration": 527,
              "state": "passed",
              "speed": "slow",
              "pass": true,
              "fail": false,
              "pending": false,
              "context": null,
              "code": "const response = await page.testLogin()\n.send({\n    email: \"eve.holt@reqres.in\",\n    password: \"pistol\"\n    })\n    var Register = response.body;\nexpect(response.status).to.equal(200);\nexpect(response.body).to.have.property('id', 4);\nexpect(response.body).to.have.property('token');\nconsole.log(Register);",
              "err": {},
              "uuid": "fd65b43b-fcfd-4fc5-98a5-0b6aee0b81b3",
              "parentUUID": "635d987d-e48f-4fc1-8ae6-d89d5b2636a8",
              "isHook": false,
              "skipped": false
            }
          ],
          "suites": [],
          "passes": [
            "fd65b43b-fcfd-4fc5-98a5-0b6aee0b81b3"
          ],
          "failures": [],
          "pending": [],
          "skipped": [],
          "duration": 527,
          "root": false,
          "rootEmpty": false,
          "_timeout": 20000
        },
        {
          "uuid": "c3fea135-0a0d-4985-b2c6-faec6c6689a4",
          "title": "Positif Case Put",
          "fullFile": "/Users/naufalazhar/Documents/NAUFAL_AZHAR/mocha_reqres/test/TestPut.js",
          "file": "/test/TestPut.js",
          "beforeHooks": [],
          "afterHooks": [],
          "tests": [
            {
              "title": "Test Update User",
              "fullTitle": "Positif Case Put Test Update User",
              "timedOut": false,
              "duration": 511,
              "state": "passed",
              "speed": "slow",
              "pass": true,
              "fail": false,
              "pending": false,
              "context": null,
              "code": "const response = await page.putRegister()\n.send({\n    name: \"morpheus\",\n    job: \"zion resident\"\n    })\nassert(response.status).to.equal(200);\nexpect(response.body).to.have.property('name', 'morpheus');\nexpect(response.body).to.have.property('job', 'zion resident');\nvar Put = response.body;\nconsole.log(Put);",
              "err": {},
              "uuid": "725276e4-5b40-440d-bab9-6574becd4be5",
              "parentUUID": "c3fea135-0a0d-4985-b2c6-faec6c6689a4",
              "isHook": false,
              "skipped": false
            }
          ],
          "suites": [],
          "passes": [
            "725276e4-5b40-440d-bab9-6574becd4be5"
          ],
          "failures": [],
          "pending": [],
          "skipped": [],
          "duration": 511,
          "root": false,
          "rootEmpty": false,
          "_timeout": 20000
        }
      ],
      "passes": [],
      "failures": [],
      "pending": [],
      "skipped": [],
      "duration": 0,
      "root": true,
      "rootEmpty": true,
      "_timeout": 20000
    }
  ],
  "meta": {
    "mocha": {
      "version": "10.2.0"
    },
    "mochawesome": {
      "options": {
        "quiet": false,
        "reportFilename": "mochawesome",
        "saveHtml": true,
        "saveJson": true,
        "consoleReporter": "spec",
        "useInlineDiffs": false,
        "code": true
      },
      "version": "7.1.3"
    },
    "marge": {
      "options": null,
      "version": "6.2.0"
    }
  }
}